Arguments: 
  /usr/bin/nodejs /usr/share/yarn/bin/yarn.js install

PATH: 
  /usr/local/sbin:/usr/local/bin:/usr/sbin:/usr/bin:/sbin:/bin:/usr/games:/usr/local/games:/mnt/c/Windows/System32:/mnt/c/Windows:/mnt/c/Windows/System32/wbem:/mnt/c/Windows/System32/WindowsPowerShell/v1.0:/mnt/c/Program Files/nodejs:/mnt/c/Users/elmac/AppData/Local/atom/bin:/mnt/c/Users/elmac/AppData/Local/Microsoft/WindowsApps:/mnt/c/Users/elmac/AppData/Roaming/npm:/snap/bin

Yarn version: 
  0.27.5

Node version: 
  8.4.0

Platform: 
  linux x64

npm manifest: 
  {
    "name": "miniponic-pi",
    "version": "0.0.1",
    "private": true,
    "main": "app.js",
    "scripts": {
      "start": "node app.js",
      "lint": "eslint ."
    },
    "dependencies": {
      "axios": "^0.16.2",
      "body-parser": "~1.17.1",
      "cookie-parser": "~1.4.3",
      "debug": "~2.6.3",
      "express": "~4.15.2",
      "express-node-metrics": "^1.4.0",
      "morgan": "~1.8.1",
      "mqtt": "^2.7.2"
    },
    "devDependencies": {
      "chai": "^3.5.0",
      "eslint": "^3.11.1",
      "eslint-config-airbnb": "^14.1.0",
      "eslint-config-airbnb-base": "^11.0.0",
      "eslint-plugin-import": "^2.2.0",
      "eslint-plugin-jsx-a11y": "^4.0.0",
      "eslint-plugin-react": "^6.10.3",
      "mocha": "^3.2.0",
      "sinon": "^1.17.6",
      "supertest": "^2.0.1"
    }
  }

yarn manifest: 
  No manifest

Lockfile: 
  No lockfile

Trace: 
  Error: EACCES: permission denied, mkdir '/home/elmaco93/.cache/yarn'
